<?xml version="1.0" encoding="UTF-8"?>
<testng-results skipped="0" failed="1" ignored="0" total="10" passed="9">
  <reporter-output>
    <line>
      <![CDATA[New Available Songs : ]]>
    </line>
    <line>
      <![CDATA[Total no of songs available are : 14]]>
    </line>
    <line>
      <![CDATA[Ishare Tere Karti Nigah
Sumit Goswami]]>
    </line>
    <line>
      <![CDATA[Roi Na Je Yaad Meri Aayi Ve
Ninja]]>
    </line>
    <line>
      <![CDATA[Chidiya
Vilen]]>
    </line>
    <line>
      <![CDATA[Dil Chahte Ho
Jubin Nautiyal]]>
    </line>
    <line>
      <![CDATA[Khairiyat Pucho
Arijit Singh]]>
    </line>
    <line>
      <![CDATA[Teri Cute Jahi Smile Utte Kina Mardi
Aroob Khan]]>
    </line>
    <line>
      <![CDATA[Born To Shine
Diljit Dosanjh]]>
    </line>
    <line>
      <![CDATA[Feelings
Vatsala]]>
    </line>
    <line>
      <![CDATA[Duniya (Satyajeet Jeena Remix)
DJ Dalal London]]>
    </line>
    <line>
      <![CDATA[Maine Pyar Tume Se Kiya Hai (Remix) DJ Dalal London
DJ Dalal London]]>
    </line>
    <line>
      <![CDATA[Tera Mera Pyaar (Ft Raxstar)
Nish Tera Mera Pyaar (2020)]]>
    </line>
    <line>
      <![CDATA[Nightmares
Serhat Durmus ME and U (2020)]]>
    </line>
    <line>
      <![CDATA[Love Me Someday
Maninder Buttar]]>
    </line>
    <line>
      <![CDATA[Tootey Khaab (Female Version)
Shreya Karmaka]]>
    </line>
    <line>
      <![CDATA[Total no of songs loaded are:2]]>
    </line>
    <line>
      <![CDATA[Phir Mulakat Hogi Kabhi
Punjabi Mp3 Songs
Rii]]>
    </line>
    <line>
      <![CDATA[Phir Na Milen Kabhi Reprise
Indian Pop Mp3 Songs
Tulsi Kumar]]>
    </line>
    <line>
      <![CDATA[Phir Kabhi - Your Search Result - PagalWorld:----> this song is available]]>
    </line>
    <line>
      <![CDATA[Ae Watan - Your Search Result - PagalWorld:----> this song is not available]]>
    </line>
    <line>
      <![CDATA[Total no of Ringtones available are :3]]>
    </line>
    <line>
      <![CDATA[Pubg Ringtones
All Pubg Ringtones]]>
    </line>
    <line>
      <![CDATA[A to Z Ringtones
A to Z Ringtones Collection]]>
    </line>
    <line>
      <![CDATA[Tik Tok Ringtones
Latest TikTok Ringtones Collection]]>
    </line>
    <line>
      <![CDATA[Total no of Panjabi songs available are :20]]>
    </line>
    <line>
      <![CDATA[Roka
Gurnam Bhullar]]>
    </line>
    <line>
      <![CDATA[Come Closer
Prince, Manya Narang]]>
    </line>
    <line>
      <![CDATA[Shy Aa
Ayush Talniya]]>
    </line>
    <line>
      <![CDATA[Turkey
Manna Boy]]>
    </line>
    <line>
      <![CDATA[Ve Paagla Enna Pyar Nai Karde
Akhil]]>
    </line>
    <line>
      <![CDATA[Paagla
Akhil]]>
    </line>
    <line>
      <![CDATA[Pyar Acha Lagta Hai
Navjeet]]>
    </line>
    <line>
      <![CDATA[Roka Ni
Gurnam Bhullar]]>
    </line>
    <line>
      <![CDATA[Tere Naalon
Ninja]]>
    </line>
    <line>
      <![CDATA[Jodhpur
Jordan Sandhu]]>
    </line>
    <line>
      <![CDATA[Bahla Changa
Inder Chahal]]>
    </line>
    <line>
      <![CDATA[Jeep
Gur Sidhu]]>
    </line>
    <line>
      <![CDATA[Good Luck
Garry Sandhu]]>
    </line>
    <line>
      <![CDATA[Ishq Lagan
Yasser Desai]]>
    </line>
    <line>
      <![CDATA[Mere Wala Jatt
Prem Dhillon]]>
    </line>
    <line>
      <![CDATA[Mohabbat
Kaka]]>
    </line>
    <line>
      <![CDATA[Munde Mere Shehar De
Harpinder Gill, Navaan Sandhu]]>
    </line>
    <line>
      <![CDATA[Tere Viah Di Khabar
Kaka]]>
    </line>
    <line>
      <![CDATA[Karda Mai Yaad
Jazzleen Kaur]]>
    </line>
    <line>
      <![CDATA[Total no of songs loaded are:1]]>
    </line>
    <line>
      <![CDATA[Nazraan
Kaka]]>
    </line>
    <line>
      <![CDATA[Soch Na Sake
Cover Mp3 Songs
Amrita Nayak]]>
    </line>
    <line>
      <![CDATA[Soch na sake - Your Search Result - PagalWorld:----> this song is available]]>
    </line>
    <line>
      <![CDATA[Total no of songs loaded are:1]]>
    </line>
    <line>
      <![CDATA[Good Luck
Punjabi Mp3 Songs
Garry Sandhu]]>
    </line>
    <line>
      <![CDATA[Good luck - Your Search Result - PagalWorld:----> this song is available]]>
    </line>
  </reporter-output>
  <suite name="Automation Testing" duration-ms="72045" started-at="2021-06-27T11:57:10 IST" finished-at="2021-06-27T11:58:22 IST">
    <groups>
      <group name="ScreenShots">
        <method signature="TC_TakeScreenshots.screenshotOfDriver()[pri:2, instance:com.qa.test.TC_TakeScreenshots@3327bd23]" name="screenshotOfDriver" class="com.qa.test.TC_TakeScreenshots"/>
        <method signature="TC_TakeScreenshots.screenshotOfElement()[pri:1, instance:com.qa.test.TC_TakeScreenshots@3327bd23]" name="screenshotOfElement" class="com.qa.test.TC_TakeScreenshots"/>
        <method signature="TC_TakeScreenshots.screenshotOfFullPage()[pri:3, instance:com.qa.test.TC_TakeScreenshots@3327bd23]" name="screenshotOfFullPage" class="com.qa.test.TC_TakeScreenshots"/>
      </group> <!-- ScreenShots -->
      <group name="SearchbarTest">
        <method signature="TC_SearchSong.SearchItem(java.lang.String)[pri:2, instance:com.qa.test.TC_SearchSong@a67c67e]" name="SearchItem" class="com.qa.test.TC_SearchSong"/>
      </group> <!-- SearchbarTest -->
      <group name="HomePageTest">
        <method signature="TC_SearchSong.getAvailableSongs()[pri:1, instance:com.qa.test.TC_SearchSong@a67c67e]" name="getAvailableSongs" class="com.qa.test.TC_SearchSong"/>
      </group> <!-- HomePageTest -->
      <group name="HeaderLinkTest">
        <method signature="TC_getPanjabiSongs.getAllPanjabiSongs()[pri:0, instance:com.qa.test.TC_getPanjabiSongs@1f28c152]" name="getAllPanjabiSongs" class="com.qa.test.TC_getPanjabiSongs"/>
        <method signature="TC_getRingtones.GetAllRingTones()[pri:0, instance:com.qa.test.TC_getRingtones@369f73a2]" name="GetAllRingTones" class="com.qa.test.TC_getRingtones"/>
      </group> <!-- HeaderLinkTest -->
    </groups>
    <test name="Functional Testing for Searching Ringtones On PagalWorld" duration-ms="69418" started-at="2021-06-27T11:57:10 IST" finished-at="2021-06-27T11:58:19 IST">
      <class name="com.qa.test.TC_getRingtones">
        <test-method status="PASS" signature="SetUp(java.lang.String, java.lang.String)[pri:0, instance:com.qa.test.TC_getRingtones@369f73a2]" name="SetUp" is-config="true" duration-ms="46870" started-at="2021-06-27T11:57:10 IST" finished-at="2021-06-27T11:57:57 IST">
          <params>
            <param index="0">
              <value>
                <![CDATA[Firefox]]>
              </value>
            </param>
            <param index="1">
              <value>
                <![CDATA[https://pagaliworld.com/]]>
              </value>
            </param>
          </params>
          <reporter-output>
          </reporter-output>
        </test-method> <!-- SetUp -->
        <test-method status="PASS" signature="GetAllRingTones()[pri:0, instance:com.qa.test.TC_getRingtones@369f73a2]" name="GetAllRingTones" duration-ms="11763" started-at="2021-06-27T11:57:57 IST" finished-at="2021-06-27T11:58:09 IST">
          <reporter-output>
            <line>
              <![CDATA[Total no of Ringtones available are :3]]>
            </line>
            <line>
              <![CDATA[Pubg Ringtones
All Pubg Ringtones]]>
            </line>
            <line>
              <![CDATA[A to Z Ringtones
A to Z Ringtones Collection]]>
            </line>
            <line>
              <![CDATA[Tik Tok Ringtones
Latest TikTok Ringtones Collection]]>
            </line>
          </reporter-output>
        </test-method> <!-- GetAllRingTones -->
        <test-method status="PASS" signature="TearDown()[pri:0, instance:com.qa.test.TC_getRingtones@369f73a2]" name="TearDown" is-config="true" duration-ms="10047" started-at="2021-06-27T11:58:09 IST" finished-at="2021-06-27T11:58:19 IST">
          <reporter-output>
          </reporter-output>
        </test-method> <!-- TearDown -->
      </class> <!-- com.qa.test.TC_getRingtones -->
      <class name="com.qa.test.TC_getPanjabiSongs">
        <test-method status="PASS" signature="SetUp(java.lang.String, java.lang.String)[pri:0, instance:com.qa.test.TC_getPanjabiSongs@1f28c152]" name="SetUp" is-config="true" duration-ms="46963" started-at="2021-06-27T11:57:10 IST" finished-at="2021-06-27T11:57:57 IST">
          <params>
            <param index="0">
              <value>
                <![CDATA[Firefox]]>
              </value>
            </param>
            <param index="1">
              <value>
                <![CDATA[https://pagaliworld.com/]]>
              </value>
            </param>
          </params>
          <reporter-output>
          </reporter-output>
        </test-method> <!-- SetUp -->
        <test-method status="PASS" signature="getAllPanjabiSongs()[pri:0, instance:com.qa.test.TC_getPanjabiSongs@1f28c152]" name="getAllPanjabiSongs" duration-ms="13931" started-at="2021-06-27T11:57:57 IST" finished-at="2021-06-27T11:58:11 IST">
          <reporter-output>
            <line>
              <![CDATA[Total no of Panjabi songs available are :20]]>
            </line>
            <line>
              <![CDATA[Roka
Gurnam Bhullar]]>
            </line>
            <line>
              <![CDATA[Come Closer
Prince, Manya Narang]]>
            </line>
            <line>
              <![CDATA[Shy Aa
Ayush Talniya]]>
            </line>
            <line>
              <![CDATA[Turkey
Manna Boy]]>
            </line>
            <line>
              <![CDATA[Ve Paagla Enna Pyar Nai Karde
Akhil]]>
            </line>
            <line>
              <![CDATA[Paagla
Akhil]]>
            </line>
            <line>
              <![CDATA[Pyar Acha Lagta Hai
Navjeet]]>
            </line>
            <line>
              <![CDATA[Roka Ni
Gurnam Bhullar]]>
            </line>
            <line>
              <![CDATA[Tere Naalon
Ninja]]>
            </line>
            <line>
              <![CDATA[Jodhpur
Jordan Sandhu]]>
            </line>
            <line>
              <![CDATA[Bahla Changa
Inder Chahal]]>
            </line>
            <line>
              <![CDATA[Jeep
Gur Sidhu]]>
            </line>
            <line>
              <![CDATA[Good Luck
Garry Sandhu]]>
            </line>
            <line>
              <![CDATA[Ishq Lagan
Yasser Desai]]>
            </line>
            <line>
              <![CDATA[Mere Wala Jatt
Prem Dhillon]]>
            </line>
            <line>
              <![CDATA[Mohabbat
Kaka]]>
            </line>
            <line>
              <![CDATA[Munde Mere Shehar De
Harpinder Gill, Navaan Sandhu]]>
            </line>
            <line>
              <![CDATA[Tere Viah Di Khabar
Kaka]]>
            </line>
            <line>
              <![CDATA[Karda Mai Yaad
Jazzleen Kaur]]>
            </line>
            <line>
              <![CDATA[Nazraan
Kaka]]>
            </line>
          </reporter-output>
        </test-method> <!-- getAllPanjabiSongs -->
        <test-method status="PASS" signature="TearDown()[pri:0, instance:com.qa.test.TC_getPanjabiSongs@1f28c152]" name="TearDown" is-config="true" duration-ms="8174" started-at="2021-06-27T11:58:11 IST" finished-at="2021-06-27T11:58:19 IST">
          <reporter-output>
          </reporter-output>
        </test-method> <!-- TearDown -->
      </class> <!-- com.qa.test.TC_getPanjabiSongs -->
    </test> <!-- Functional Testing for Searching Ringtones On PagalWorld -->
    <test name="Functional Testing for Searching Songs On PagalWorld" duration-ms="72045" started-at="2021-06-27T11:57:10 IST" finished-at="2021-06-27T11:58:22 IST">
      <class name="com.qa.test.TC_SearchSong">
        <test-method status="PASS" signature="SetUp(java.lang.String, java.lang.String)[pri:0, instance:com.qa.test.TC_SearchSong@a67c67e]" name="SetUp" is-config="true" duration-ms="13595" started-at="2021-06-27T11:57:10 IST" finished-at="2021-06-27T11:57:24 IST">
          <params>
            <param index="0">
              <value>
                <![CDATA[Chrome]]>
              </value>
            </param>
            <param index="1">
              <value>
                <![CDATA[https://pagaliworld.com/]]>
              </value>
            </param>
          </params>
          <reporter-output>
          </reporter-output>
        </test-method> <!-- SetUp -->
        <test-method status="PASS" signature="getAvailableSongs()[pri:1, instance:com.qa.test.TC_SearchSong@a67c67e]" name="getAvailableSongs" duration-ms="1586" started-at="2021-06-27T11:57:24 IST" finished-at="2021-06-27T11:57:25 IST">
          <reporter-output>
            <line>
              <![CDATA[New Available Songs : ]]>
            </line>
            <line>
              <![CDATA[Total no of songs available are : 14]]>
            </line>
            <line>
              <![CDATA[Ishare Tere Karti Nigah
Sumit Goswami]]>
            </line>
            <line>
              <![CDATA[Roi Na Je Yaad Meri Aayi Ve
Ninja]]>
            </line>
            <line>
              <![CDATA[Chidiya
Vilen]]>
            </line>
            <line>
              <![CDATA[Dil Chahte Ho
Jubin Nautiyal]]>
            </line>
            <line>
              <![CDATA[Khairiyat Pucho
Arijit Singh]]>
            </line>
            <line>
              <![CDATA[Teri Cute Jahi Smile Utte Kina Mardi
Aroob Khan]]>
            </line>
            <line>
              <![CDATA[Born To Shine
Diljit Dosanjh]]>
            </line>
            <line>
              <![CDATA[Feelings
Vatsala]]>
            </line>
            <line>
              <![CDATA[Duniya (Satyajeet Jeena Remix)
DJ Dalal London]]>
            </line>
            <line>
              <![CDATA[Maine Pyar Tume Se Kiya Hai (Remix) DJ Dalal London
DJ Dalal London]]>
            </line>
            <line>
              <![CDATA[Tera Mera Pyaar (Ft Raxstar)
Nish Tera Mera Pyaar (2020)]]>
            </line>
            <line>
              <![CDATA[Nightmares
Serhat Durmus ME and U (2020)]]>
            </line>
            <line>
              <![CDATA[Love Me Someday
Maninder Buttar]]>
            </line>
            <line>
              <![CDATA[Tootey Khaab (Female Version)
Shreya Karmaka]]>
            </line>
          </reporter-output>
        </test-method> <!-- getAvailableSongs -->
        <test-method status="PASS" signature="SearchItem(java.lang.String)[pri:2, instance:com.qa.test.TC_SearchSong@a67c67e]" name="SearchItem" duration-ms="13605" started-at="2021-06-27T11:57:32 IST" data-provider="getData" finished-at="2021-06-27T11:57:45 IST">
          <params>
            <param index="0">
              <value>
                <![CDATA[Phir Kabhi]]>
              </value>
            </param>
          </params>
          <reporter-output>
            <line>
              <![CDATA[Total no of songs loaded are:2]]>
            </line>
            <line>
              <![CDATA[Phir Mulakat Hogi Kabhi
Punjabi Mp3 Songs
Rii]]>
            </line>
            <line>
              <![CDATA[Phir Na Milen Kabhi Reprise
Indian Pop Mp3 Songs
Tulsi Kumar]]>
            </line>
            <line>
              <![CDATA[Phir Kabhi - Your Search Result - PagalWorld:----> this song is available]]>
            </line>
          </reporter-output>
        </test-method> <!-- SearchItem -->
        <test-method status="FAIL" signature="SearchItem(java.lang.String)[pri:2, instance:com.qa.test.TC_SearchSong@a67c67e]" name="SearchItem" duration-ms="14202" started-at="2021-06-27T11:57:45 IST" data-provider="getData" finished-at="2021-06-27T11:57:59 IST">
          <params>
            <param index="0">
              <value>
                <![CDATA[Ae Watan]]>
              </value>
            </param>
          </params>
          <exception class="java.lang.AssertionError">
            <message>
              <![CDATA[expected [true] but found [false]]]>
            </message>
            <full-stacktrace>
              <![CDATA[java.lang.AssertionError: expected [true] but found [false]
at org.testng.Assert.fail(Assert.java:99)
at org.testng.Assert.failNotEquals(Assert.java:1037)
at org.testng.Assert.assertTrue(Assert.java:45)
at org.testng.Assert.assertTrue(Assert.java:55)
at com.qa.test.TC_SearchSong.SearchItem(TC_SearchSong.java:46)
at sun.reflect.NativeMethodAccessorImpl.invoke0(Native Method)
at sun.reflect.NativeMethodAccessorImpl.invoke(NativeMethodAccessorImpl.java:62)
at sun.reflect.DelegatingMethodAccessorImpl.invoke(DelegatingMethodAccessorImpl.java:43)
at java.lang.reflect.Method.invoke(Method.java:498)
at org.testng.internal.MethodInvocationHelper.invokeMethod(MethodInvocationHelper.java:132)
at org.testng.internal.TestInvoker.invokeMethod(TestInvoker.java:599)
at org.testng.internal.TestInvoker.invokeTestMethod(TestInvoker.java:174)
at org.testng.internal.MethodRunner.runInSequence(MethodRunner.java:46)
at org.testng.internal.TestInvoker$MethodInvocationAgent.invoke(TestInvoker.java:822)
at org.testng.internal.TestInvoker.invokeTestMethods(TestInvoker.java:147)
at org.testng.internal.TestMethodWorker.invokeTestMethods(TestMethodWorker.java:146)
at org.testng.internal.TestMethodWorker.run(TestMethodWorker.java:128)
at java.util.concurrent.ThreadPoolExecutor.runWorker(ThreadPoolExecutor.java:1149)
at java.util.concurrent.ThreadPoolExecutor$Worker.run(ThreadPoolExecutor.java:624)
at java.lang.Thread.run(Thread.java:748)
]]>
            </full-stacktrace>
          </exception> <!-- java.lang.AssertionError -->
          <reporter-output>
            <line>
              <![CDATA[Ae Watan - Your Search Result - PagalWorld:----> this song is not available]]>
            </line>
          </reporter-output>
        </test-method> <!-- SearchItem -->
        <test-method status="PASS" signature="SearchItem(java.lang.String)[pri:2, instance:com.qa.test.TC_SearchSong@a67c67e]" name="SearchItem" duration-ms="11227" started-at="2021-06-27T11:58:00 IST" data-provider="getData" finished-at="2021-06-27T11:58:12 IST">
          <params>
            <param index="0">
              <value>
                <![CDATA[Soch na sake]]>
              </value>
            </param>
          </params>
          <reporter-output>
            <line>
              <![CDATA[Total no of songs loaded are:1]]>
            </line>
            <line>
              <![CDATA[Soch Na Sake
Cover Mp3 Songs
Amrita Nayak]]>
            </line>
            <line>
              <![CDATA[Soch na sake - Your Search Result - PagalWorld:----> this song is available]]>
            </line>
          </reporter-output>
        </test-method> <!-- SearchItem -->
        <test-method status="PASS" signature="SearchItem(java.lang.String)[pri:2, instance:com.qa.test.TC_SearchSong@a67c67e]" name="SearchItem" duration-ms="8160" started-at="2021-06-27T11:58:12 IST" data-provider="getData" finished-at="2021-06-27T11:58:20 IST">
          <params>
            <param index="0">
              <value>
                <![CDATA[Good luck]]>
              </value>
            </param>
          </params>
          <reporter-output>
            <line>
              <![CDATA[Total no of songs loaded are:1]]>
            </line>
            <line>
              <![CDATA[Good Luck
Punjabi Mp3 Songs
Garry Sandhu]]>
            </line>
            <line>
              <![CDATA[Good luck - Your Search Result - PagalWorld:----> this song is available]]>
            </line>
          </reporter-output>
        </test-method> <!-- SearchItem -->
        <test-method status="PASS" signature="TearDown()[pri:0, instance:com.qa.test.TC_SearchSong@a67c67e]" name="TearDown" is-config="true" duration-ms="1273" started-at="2021-06-27T11:58:21 IST" finished-at="2021-06-27T11:58:22 IST">
          <reporter-output>
          </reporter-output>
        </test-method> <!-- TearDown -->
      </class> <!-- com.qa.test.TC_SearchSong -->
      <class name="com.qa.test.TC_TakeScreenshots">
        <test-method status="PASS" signature="SetUp(java.lang.String, java.lang.String)[pri:0, instance:com.qa.test.TC_TakeScreenshots@3327bd23]" name="SetUp" is-config="true" duration-ms="21119" started-at="2021-06-27T11:57:10 IST" finished-at="2021-06-27T11:57:31 IST">
          <params>
            <param index="0">
              <value>
                <![CDATA[Chrome]]>
              </value>
            </param>
            <param index="1">
              <value>
                <![CDATA[https://pagaliworld.com/]]>
              </value>
            </param>
          </params>
          <reporter-output>
          </reporter-output>
        </test-method> <!-- SetUp -->
        <test-method status="PASS" signature="screenshotOfElement()[pri:1, instance:com.qa.test.TC_TakeScreenshots@3327bd23]" name="screenshotOfElement" duration-ms="613" started-at="2021-06-27T11:57:31 IST" finished-at="2021-06-27T11:57:32 IST">
          <reporter-output>
          </reporter-output>
        </test-method> <!-- screenshotOfElement -->
        <test-method status="PASS" signature="screenshotOfDriver()[pri:2, instance:com.qa.test.TC_TakeScreenshots@3327bd23]" name="screenshotOfDriver" duration-ms="674" started-at="2021-06-27T11:57:32 IST" finished-at="2021-06-27T11:57:33 IST">
          <reporter-output>
          </reporter-output>
        </test-method> <!-- screenshotOfDriver -->
        <test-method status="PASS" signature="screenshotOfFullPage()[pri:3, instance:com.qa.test.TC_TakeScreenshots@3327bd23]" name="screenshotOfFullPage" duration-ms="8157" started-at="2021-06-27T11:57:33 IST" finished-at="2021-06-27T11:57:41 IST">
          <reporter-output>
          </reporter-output>
        </test-method> <!-- screenshotOfFullPage -->
        <test-method status="PASS" signature="TearDown()[pri:0, instance:com.qa.test.TC_TakeScreenshots@3327bd23]" name="TearDown" is-config="true" duration-ms="3990" started-at="2021-06-27T11:57:41 IST" finished-at="2021-06-27T11:57:45 IST">
          <reporter-output>
          </reporter-output>
        </test-method> <!-- TearDown -->
      </class> <!-- com.qa.test.TC_TakeScreenshots -->
    </test> <!-- Functional Testing for Searching Songs On PagalWorld -->
  </suite> <!-- Automation Testing -->
</testng-results>
