<?xml version="1.0" encoding="UTF-8"?>
<testsuite xmlns:xsi="http://www.w3.org/2001/XMLSchema-instance" xsi:noNamespaceSchemaLocation="https://maven.apache.org/surefire/maven-surefire-plugin/xsd/surefire-test-report.xsd" name="TestSuite" time="75.012" tests="10" errors="0" skipped="0" failures="1">
  <properties>
[...]
</properties>
  <testcase name="getAvailableSongs" classname="com.qa.test.TC_SearchSong" time="1.59"/>
  <testcase name="screenshotOfElement" classname="com.qa.test.TC_TakeScreenshots" time="0.396"/>
  <testcase name="screenshotOfDriver" classname="com.qa.test.TC_TakeScreenshots" time="0.966"/>
  <testcase name="screenshotOfFullPage" classname="com.qa.test.TC_TakeScreenshots" time="7.867"/>
  <testcase name="SearchItem" classname="com.qa.test.TC_SearchSong" time="12.244"/>
  <testcase name="SearchItem" classname="com.qa.test.TC_SearchSong" time="2.315">
    <failure message="expected [true] but found [false]" type="java.lang.AssertionError">java.lang.AssertionError: expected [true] but found [false]
	at com.qa.test.TC_SearchSong.SearchItem(TC_SearchSong.java:46)
</failure>
    <system-out><![CDATA[Ae Watan - Your Search Result - PagalWorld:----> this song is not available
]]></system-out>
    <system-err><![CDATA[console.error: Region.jsm: "Error fetching region" (new AbortError("The operation was aborted. ", (void 0), 770))
console.error: Region.jsm: "Failed to fetch region" (new Error("NO_RESULT", "resource://gre/modules/Region.jsm", 419))
16124775267433	Marionette	INFO	Listening on por624775267433	Marionette	INFO	Listening on portt 54332
 54331
1624775268229	Marionette	WARN	TLS certificate errors will be ignored for this 1624775268231	Marionette	WARN	TLS certificate errors will be ignored for this session
session
Jun 27, 2021 11:57:48 AM org.openqa.selenium.remote.ProtocolHandshake createSession
INFO: Detected dialect: W3C
Jun 27, 2021 11:57:48 AM org.openqa.selenium.remote.ProtocolHandshake createSession
INFO: Detected dialect: W3C
]]></system-err>
  </testcase>
  <testcase name="SearchItem" classname="com.qa.test.TC_SearchSong" time="11.251"/>
  <testcase name="SearchItem" classname="com.qa.test.TC_SearchSong" time="8.143"/>
  <testcase name="GetAllRingTones" classname="com.qa.test.TC_getRingtones" time="8.628"/>
  <testcase name="getAllPanjabiSongs" classname="com.qa.test.TC_getPanjabiSongs" time="10.896"/>
</testsuite>