<?xml version="1.0" encoding="UTF-8"?>
<testng-results ignored="0" total="10" passed="9" failed="1" skipped="0">
  <reporter-output>
    <line>
      <![CDATA[New Available Songs : ]]>
    </line>
    <line>
      <![CDATA[Total no of songs available are : 14]]>
    </line>
    <line>
      <![CDATA[Ishare Tere Karti Nigah
Sumit Goswami]]>
    </line>
    <line>
      <![CDATA[Roi Na Je Yaad Meri Aayi Ve
Ninja]]>
    </line>
    <line>
      <![CDATA[Chidiya
Vilen]]>
    </line>
    <line>
      <![CDATA[Dil Chahte Ho
Jubin Nautiyal]]>
    </line>
    <line>
      <![CDATA[Khairiyat Pucho
Arijit Singh]]>
    </line>
    <line>
      <![CDATA[Teri Cute Jahi Smile Utte Kina Mardi
Aroob Khan]]>
    </line>
    <line>
      <![CDATA[Born To Shine
Diljit Dosanjh]]>
    </line>
    <line>
      <![CDATA[Feelings
Vatsala]]>
    </line>
    <line>
      <![CDATA[Duniya (Satyajeet Jeena Remix)
DJ Dalal London]]>
    </line>
    <line>
      <![CDATA[Maine Pyar Tume Se Kiya Hai (Remix) DJ Dalal London
DJ Dalal London]]>
    </line>
    <line>
      <![CDATA[Tera Mera Pyaar (Ft Raxstar)
Nish Tera Mera Pyaar (2020)]]>
    </line>
    <line>
      <![CDATA[Nightmares
Serhat Durmus ME and U (2020)]]>
    </line>
    <line>
      <![CDATA[Love Me Someday
Maninder Buttar]]>
    </line>
    <line>
      <![CDATA[Tootey Khaab (Female Version)
Shreya Karmaka]]>
    </line>
    <line>
      <![CDATA[Total no of Ringtones available are :3]]>
    </line>
    <line>
      <![CDATA[Total no of Panjabi songs available are :20]]>
    </line>
    <line>
      <![CDATA[Ve Paagla Enna Pyar Nai Karde
Akhil]]>
    </line>
    <line>
      <![CDATA[Paagla
Akhil]]>
    </line>
    <line>
      <![CDATA[Pyar Acha Lagta Hai
Navjeet]]>
    </line>
    <line>
      <![CDATA[Roka Ni
Gurnam Bhullar]]>
    </line>
    <line>
      <![CDATA[Pubg Ringtones
All Pubg Ringtones]]>
    </line>
    <line>
      <![CDATA[Tere Naalon
Ninja]]>
    </line>
    <line>
      <![CDATA[A to Z Ringtones
A to Z Ringtones Collection]]>
    </line>
    <line>
      <![CDATA[Jodhpur
Jordan Sandhu]]>
    </line>
    <line>
      <![CDATA[Bahla Changa
Inder Chahal]]>
    </line>
    <line>
      <![CDATA[Tik Tok Ringtones
Latest TikTok Ringtones Collection]]>
    </line>
    <line>
      <![CDATA[Jeep
Gur Sidhu]]>
    </line>
    <line>
      <![CDATA[Good Luck
Garry Sandhu]]>
    </line>
    <line>
      <![CDATA[Ishq Lagan
Yasser Desai]]>
    </line>
    <line>
      <![CDATA[Mere Wala Jatt
Prem Dhillon]]>
    </line>
    <line>
      <![CDATA[Mohabbat
Kaka]]>
    </line>
    <line>
      <![CDATA[Munde Mere Shehar De
Harpinder Gill, Navaan Sandhu]]>
    </line>
    <line>
      <![CDATA[Tere Viah Di Khabar
Kaka]]>
    </line>
    <line>
      <![CDATA[Karda Mai Yaad
Jazzleen Kaur]]>
    </line>
    <line>
      <![CDATA[Nazraan
Kaka]]>
    </line>
    <line>
      <![CDATA[Agg Pyar Di
Kaka]]>
    </line>
    <line>
      <![CDATA[Tenu Yaad Karaan
Gurnazar, Asees Kaur]]>
    </line>
    <line>
      <![CDATA[Sucha Soorma
Ranjit Bawa]]>
    </line>
    <line>
      <![CDATA[Achha Ve Achha
Nikk]]>
    </line>
    <line>
      <![CDATA[Total no of songs loaded are:2]]>
    </line>
    <line>
      <![CDATA[Phir Mulakat Hogi Kabhi
Punjabi Mp3 Songs
Rii]]>
    </line>
    <line>
      <![CDATA[Phir Na Milen Kabhi Reprise
Indian Pop Mp3 Songs
Tulsi Kumar]]>
    </line>
    <line>
      <![CDATA[Phir Kabhi - Your Search Result - PagalWorld:----> this song is available]]>
    </line>
    <line>
      <![CDATA[Ae Watan - Your Search Result - PagalWorld:----> this song is not available]]>
    </line>
    <line>
      <![CDATA[Total no of songs loaded are:1]]>
    </line>
    <line>
      <![CDATA[Soch Na Sake
Cover Mp3 Songs
Amrita Nayak]]>
    </line>
    <line>
      <![CDATA[Soch na sake - Your Search Result - PagalWorld:----> this song is available]]>
    </line>
    <line>
      <![CDATA[Total no of songs loaded are:1]]>
    </line>
    <line>
      <![CDATA[Good Luck
Punjabi Mp3 Songs
Garry Sandhu]]>
    </line>
    <line>
      <![CDATA[Good luck - Your Search Result - PagalWorld:----> this song is available]]>
    </line>
  </reporter-output>
  <suite started-at="2021-06-27T09:57:55 IST" name="Automation Testing" finished-at="2021-06-27T09:59:55 IST" duration-ms="120620">
    <groups>
      <group name="ScreenShots">
        <method signature="TC_TakeScreenshots.screenshotOfDriver()[pri:2, instance:com.qa.test.TC_TakeScreenshots@1de76cc7]" name="screenshotOfDriver" class="com.qa.test.TC_TakeScreenshots"/>
        <method signature="TC_TakeScreenshots.screenshotOfElement()[pri:1, instance:com.qa.test.TC_TakeScreenshots@1de76cc7]" name="screenshotOfElement" class="com.qa.test.TC_TakeScreenshots"/>
        <method signature="TC_TakeScreenshots.screenshotOfFullPage()[pri:3, instance:com.qa.test.TC_TakeScreenshots@1de76cc7]" name="screenshotOfFullPage" class="com.qa.test.TC_TakeScreenshots"/>
      </group> <!-- ScreenShots -->
      <group name="SearchbarTest">
        <method signature="TC_SearchSong.SearchItem(java.lang.String)[pri:2, instance:com.qa.test.TC_SearchSong@1b2abca6]" name="SearchItem" class="com.qa.test.TC_SearchSong"/>
      </group> <!-- SearchbarTest -->
      <group name="HomePageTest">
        <method signature="TC_SearchSong.getAvailableSongs()[pri:1, instance:com.qa.test.TC_SearchSong@1b2abca6]" name="getAvailableSongs" class="com.qa.test.TC_SearchSong"/>
      </group> <!-- HomePageTest -->
      <group name="HeaderLinkTest">
        <method signature="TC_getPanjabiSongs.getAllPanjabiSongs()[pri:0, instance:com.qa.test.TC_getPanjabiSongs@428640fa]" name="getAllPanjabiSongs" class="com.qa.test.TC_getPanjabiSongs"/>
        <method signature="TC_getRingtones.GetAllRingTones()[pri:0, instance:com.qa.test.TC_getRingtones@4c1909a3]" name="GetAllRingTones" class="com.qa.test.TC_getRingtones"/>
      </group> <!-- HeaderLinkTest -->
    </groups>
    <test started-at="2021-06-27T09:57:55 IST" name="Functional Testing for Searching Ringtones On PagalWorld" finished-at="2021-06-27T09:59:31 IST" duration-ms="96276">
      <class name="com.qa.test.TC_getRingtones">
        <test-method is-config="true" signature="SetUp(java.lang.String,java.lang.String)[pri:0, instance:com.qa.test.TC_getRingtones@4c1909a3]" started-at="2021-06-27T09:57:55 IST" name="SetUp" finished-at="2021-06-27T09:58:58 IST" duration-ms="63000" status="PASS">
          <params>
            <param index="0">
              <value>
                <![CDATA[Firefox]]>
              </value>
            </param>
            <param index="1">
              <value>
                <![CDATA[https://pagaliworld.com/]]>
              </value>
            </param>
          </params>
          <reporter-output>
          </reporter-output>
        </test-method> <!-- SetUp -->
        <test-method signature="GetAllRingTones()[pri:0, instance:com.qa.test.TC_getRingtones@4c1909a3]" started-at="2021-06-27T09:58:58 IST" name="GetAllRingTones" finished-at="2021-06-27T09:59:18 IST" duration-ms="19502" status="PASS">
          <reporter-output>
            <line>
              <![CDATA[Total no of Ringtones available are :3]]>
            </line>
            <line>
              <![CDATA[Pubg Ringtones
All Pubg Ringtones]]>
            </line>
            <line>
              <![CDATA[A to Z Ringtones
A to Z Ringtones Collection]]>
            </line>
            <line>
              <![CDATA[Tik Tok Ringtones
Latest TikTok Ringtones Collection]]>
            </line>
          </reporter-output>
        </test-method> <!-- GetAllRingTones -->
        <test-method is-config="true" signature="TearDown()[pri:0, instance:com.qa.test.TC_getRingtones@4c1909a3]" started-at="2021-06-27T09:59:18 IST" name="TearDown" finished-at="2021-06-27T09:59:30 IST" duration-ms="12673" status="PASS">
          <reporter-output>
          </reporter-output>
        </test-method> <!-- TearDown -->
      </class> <!-- com.qa.test.TC_getRingtones -->
      <class name="com.qa.test.TC_getPanjabiSongs">
        <test-method is-config="true" signature="SetUp(java.lang.String,java.lang.String)[pri:0, instance:com.qa.test.TC_getPanjabiSongs@428640fa]" started-at="2021-06-27T09:57:55 IST" name="SetUp" finished-at="2021-06-27T09:58:57 IST" duration-ms="62254" status="PASS">
          <params>
            <param index="0">
              <value>
                <![CDATA[Firefox]]>
              </value>
            </param>
            <param index="1">
              <value>
                <![CDATA[https://pagaliworld.com/]]>
              </value>
            </param>
          </params>
          <reporter-output>
          </reporter-output>
        </test-method> <!-- SetUp -->
        <test-method signature="getAllPanjabiSongs()[pri:0, instance:com.qa.test.TC_getPanjabiSongs@428640fa]" started-at="2021-06-27T09:58:57 IST" name="getAllPanjabiSongs" finished-at="2021-06-27T09:59:19 IST" duration-ms="21491" status="PASS">
          <reporter-output>
            <line>
              <![CDATA[Total no of Panjabi songs available are :20]]>
            </line>
            <line>
              <![CDATA[Ve Paagla Enna Pyar Nai Karde
Akhil]]>
            </line>
            <line>
              <![CDATA[Paagla
Akhil]]>
            </line>
            <line>
              <![CDATA[Pyar Acha Lagta Hai
Navjeet]]>
            </line>
            <line>
              <![CDATA[Roka Ni
Gurnam Bhullar]]>
            </line>
            <line>
              <![CDATA[Tere Naalon
Ninja]]>
            </line>
            <line>
              <![CDATA[Jodhpur
Jordan Sandhu]]>
            </line>
            <line>
              <![CDATA[Bahla Changa
Inder Chahal]]>
            </line>
            <line>
              <![CDATA[Jeep
Gur Sidhu]]>
            </line>
            <line>
              <![CDATA[Good Luck
Garry Sandhu]]>
            </line>
            <line>
              <![CDATA[Ishq Lagan
Yasser Desai]]>
            </line>
            <line>
              <![CDATA[Mere Wala Jatt
Prem Dhillon]]>
            </line>
            <line>
              <![CDATA[Mohabbat
Kaka]]>
            </line>
            <line>
              <![CDATA[Munde Mere Shehar De
Harpinder Gill, Navaan Sandhu]]>
            </line>
            <line>
              <![CDATA[Tere Viah Di Khabar
Kaka]]>
            </line>
            <line>
              <![CDATA[Karda Mai Yaad
Jazzleen Kaur]]>
            </line>
            <line>
              <![CDATA[Nazraan
Kaka]]>
            </line>
            <line>
              <![CDATA[Agg Pyar Di
Kaka]]>
            </line>
            <line>
              <![CDATA[Tenu Yaad Karaan
Gurnazar, Asees Kaur]]>
            </line>
            <line>
              <![CDATA[Sucha Soorma
Ranjit Bawa]]>
            </line>
            <line>
              <![CDATA[Achha Ve Achha
Nikk]]>
            </line>
          </reporter-output>
        </test-method> <!-- getAllPanjabiSongs -->
        <test-method is-config="true" signature="TearDown()[pri:0, instance:com.qa.test.TC_getPanjabiSongs@428640fa]" started-at="2021-06-27T09:59:19 IST" name="TearDown" finished-at="2021-06-27T09:59:31 IST" duration-ms="12310" status="PASS">
          <reporter-output>
          </reporter-output>
        </test-method> <!-- TearDown -->
      </class> <!-- com.qa.test.TC_getPanjabiSongs -->
    </test> <!-- Functional Testing for Searching Ringtones On PagalWorld -->
    <test started-at="2021-06-27T09:57:55 IST" name="Functional Testing for Searching Songs On PagalWorld" finished-at="2021-06-27T09:59:55 IST" duration-ms="120620">
      <class name="com.qa.test.TC_SearchSong">
        <test-method is-config="true" signature="SetUp(java.lang.String,java.lang.String)[pri:0, instance:com.qa.test.TC_SearchSong@1b2abca6]" started-at="2021-06-27T09:57:55 IST" name="SetUp" finished-at="2021-06-27T09:58:30 IST" duration-ms="34753" status="PASS">
          <params>
            <param index="0">
              <value>
                <![CDATA[Chrome]]>
              </value>
            </param>
            <param index="1">
              <value>
                <![CDATA[https://pagaliworld.com/]]>
              </value>
            </param>
          </params>
          <reporter-output>
          </reporter-output>
        </test-method> <!-- SetUp -->
        <test-method signature="getAvailableSongs()[pri:1, instance:com.qa.test.TC_SearchSong@1b2abca6]" started-at="2021-06-27T09:58:30 IST" name="getAvailableSongs" finished-at="2021-06-27T09:58:33 IST" duration-ms="2905" status="PASS">
          <reporter-output>
            <line>
              <![CDATA[New Available Songs : ]]>
            </line>
            <line>
              <![CDATA[Total no of songs available are : 14]]>
            </line>
            <line>
              <![CDATA[Ishare Tere Karti Nigah
Sumit Goswami]]>
            </line>
            <line>
              <![CDATA[Roi Na Je Yaad Meri Aayi Ve
Ninja]]>
            </line>
            <line>
              <![CDATA[Chidiya
Vilen]]>
            </line>
            <line>
              <![CDATA[Dil Chahte Ho
Jubin Nautiyal]]>
            </line>
            <line>
              <![CDATA[Khairiyat Pucho
Arijit Singh]]>
            </line>
            <line>
              <![CDATA[Teri Cute Jahi Smile Utte Kina Mardi
Aroob Khan]]>
            </line>
            <line>
              <![CDATA[Born To Shine
Diljit Dosanjh]]>
            </line>
            <line>
              <![CDATA[Feelings
Vatsala]]>
            </line>
            <line>
              <![CDATA[Duniya (Satyajeet Jeena Remix)
DJ Dalal London]]>
            </line>
            <line>
              <![CDATA[Maine Pyar Tume Se Kiya Hai (Remix) DJ Dalal London
DJ Dalal London]]>
            </line>
            <line>
              <![CDATA[Tera Mera Pyaar (Ft Raxstar)
Nish Tera Mera Pyaar (2020)]]>
            </line>
            <line>
              <![CDATA[Nightmares
Serhat Durmus ME and U (2020)]]>
            </line>
            <line>
              <![CDATA[Love Me Someday
Maninder Buttar]]>
            </line>
            <line>
              <![CDATA[Tootey Khaab (Female Version)
Shreya Karmaka]]>
            </line>
          </reporter-output>
        </test-method> <!-- getAvailableSongs -->
        <test-method signature="SearchItem(java.lang.String)[pri:2, instance:com.qa.test.TC_SearchSong@1b2abca6]" started-at="2021-06-27T09:59:17 IST" name="SearchItem" data-provider="getData" finished-at="2021-06-27T09:59:31 IST" duration-ms="13279" status="PASS">
          <params>
            <param index="0">
              <value>
                <![CDATA[Phir Kabhi]]>
              </value>
            </param>
          </params>
          <reporter-output>
            <line>
              <![CDATA[Total no of songs loaded are:2]]>
            </line>
            <line>
              <![CDATA[Phir Mulakat Hogi Kabhi
Punjabi Mp3 Songs
Rii]]>
            </line>
            <line>
              <![CDATA[Phir Na Milen Kabhi Reprise
Indian Pop Mp3 Songs
Tulsi Kumar]]>
            </line>
            <line>
              <![CDATA[Phir Kabhi - Your Search Result - PagalWorld:----> this song is available]]>
            </line>
          </reporter-output>
        </test-method> <!-- SearchItem -->
        <test-method signature="SearchItem(java.lang.String)[pri:2, instance:com.qa.test.TC_SearchSong@1b2abca6]" started-at="2021-06-27T09:59:31 IST" name="SearchItem" data-provider="getData" finished-at="2021-06-27T09:59:39 IST" duration-ms="8785" status="FAIL">
          <params>
            <param index="0">
              <value>
                <![CDATA[Ae Watan]]>
              </value>
            </param>
          </params>
          <exception class="java.lang.AssertionError">
            <message>
              <![CDATA[expected [true] but found [false]]]>
            </message>
            <full-stacktrace>
              <![CDATA[java.lang.AssertionError: expected [true] but found [false]
at org.testng.Assert.fail(Assert.java:99)
at org.testng.Assert.failNotEquals(Assert.java:1037)
at org.testng.Assert.assertTrue(Assert.java:45)
at org.testng.Assert.assertTrue(Assert.java:55)
at com.qa.test.TC_SearchSong.SearchItem(TC_SearchSong.java:46)
at java.base/jdk.internal.reflect.NativeMethodAccessorImpl.invoke0(Native Method)
at java.base/jdk.internal.reflect.NativeMethodAccessorImpl.invoke(NativeMethodAccessorImpl.java:64)
at java.base/jdk.internal.reflect.DelegatingMethodAccessorImpl.invoke(DelegatingMethodAccessorImpl.java:43)
at java.base/java.lang.reflect.Method.invoke(Method.java:564)
at org.testng.internal.MethodInvocationHelper.invokeMethod(MethodInvocationHelper.java:133)
at org.testng.internal.TestInvoker.invokeMethod(TestInvoker.java:598)
at org.testng.internal.TestInvoker.invokeTestMethod(TestInvoker.java:173)
at org.testng.internal.MethodRunner.runInSequence(MethodRunner.java:46)
at org.testng.internal.TestInvoker$MethodInvocationAgent.invoke(TestInvoker.java:824)
at org.testng.internal.TestInvoker.invokeTestMethods(TestInvoker.java:146)
at org.testng.internal.TestMethodWorker.invokeTestMethods(TestMethodWorker.java:146)
at org.testng.internal.TestMethodWorker.run(TestMethodWorker.java:128)
at java.base/java.util.concurrent.ThreadPoolExecutor.runWorker(ThreadPoolExecutor.java:1130)
at java.base/java.util.concurrent.ThreadPoolExecutor$Worker.run(ThreadPoolExecutor.java:630)
at java.base/java.lang.Thread.run(Thread.java:832)
]]>
            </full-stacktrace>
          </exception> <!-- java.lang.AssertionError -->
          <reporter-output>
            <line>
              <![CDATA[Ae Watan - Your Search Result - PagalWorld:----> this song is not available]]>
            </line>
          </reporter-output>
        </test-method> <!-- SearchItem -->
        <test-method signature="SearchItem(java.lang.String)[pri:2, instance:com.qa.test.TC_SearchSong@1b2abca6]" started-at="2021-06-27T09:59:39 IST" name="SearchItem" data-provider="getData" finished-at="2021-06-27T09:59:46 IST" duration-ms="7011" status="PASS">
          <params>
            <param index="0">
              <value>
                <![CDATA[Soch na sake]]>
              </value>
            </param>
          </params>
          <reporter-output>
            <line>
              <![CDATA[Total no of songs loaded are:1]]>
            </line>
            <line>
              <![CDATA[Soch Na Sake
Cover Mp3 Songs
Amrita Nayak]]>
            </line>
            <line>
              <![CDATA[Soch na sake - Your Search Result - PagalWorld:----> this song is available]]>
            </line>
          </reporter-output>
        </test-method> <!-- SearchItem -->
        <test-method signature="SearchItem(java.lang.String)[pri:2, instance:com.qa.test.TC_SearchSong@1b2abca6]" started-at="2021-06-27T09:59:46 IST" name="SearchItem" data-provider="getData" finished-at="2021-06-27T09:59:54 IST" duration-ms="7083" status="PASS">
          <params>
            <param index="0">
              <value>
                <![CDATA[Good luck]]>
              </value>
            </param>
          </params>
          <reporter-output>
            <line>
              <![CDATA[Total no of songs loaded are:1]]>
            </line>
            <line>
              <![CDATA[Good Luck
Punjabi Mp3 Songs
Garry Sandhu]]>
            </line>
            <line>
              <![CDATA[Good luck - Your Search Result - PagalWorld:----> this song is available]]>
            </line>
          </reporter-output>
        </test-method> <!-- SearchItem -->
        <test-method is-config="true" signature="TearDown()[pri:0, instance:com.qa.test.TC_SearchSong@1b2abca6]" started-at="2021-06-27T09:59:54 IST" name="TearDown" finished-at="2021-06-27T09:59:55 IST" duration-ms="1892" status="PASS">
          <reporter-output>
          </reporter-output>
        </test-method> <!-- TearDown -->
      </class> <!-- com.qa.test.TC_SearchSong -->
      <class name="com.qa.test.TC_TakeScreenshots">
        <test-method is-config="true" signature="SetUp(java.lang.String,java.lang.String)[pri:0, instance:com.qa.test.TC_TakeScreenshots@1de76cc7]" started-at="2021-06-27T09:57:55 IST" name="SetUp" finished-at="2021-06-27T09:58:37 IST" duration-ms="41255" status="PASS">
          <params>
            <param index="0">
              <value>
                <![CDATA[Chrome]]>
              </value>
            </param>
            <param index="1">
              <value>
                <![CDATA[https://pagaliworld.com/]]>
              </value>
            </param>
          </params>
          <reporter-output>
          </reporter-output>
        </test-method> <!-- SetUp -->
        <test-method signature="screenshotOfElement()[pri:1, instance:com.qa.test.TC_TakeScreenshots@1de76cc7]" started-at="2021-06-27T09:58:37 IST" name="screenshotOfElement" finished-at="2021-06-27T09:58:41 IST" duration-ms="3980" status="PASS">
          <reporter-output>
          </reporter-output>
        </test-method> <!-- screenshotOfElement -->
        <test-method signature="screenshotOfDriver()[pri:2, instance:com.qa.test.TC_TakeScreenshots@1de76cc7]" started-at="2021-06-27T09:58:41 IST" name="screenshotOfDriver" finished-at="2021-06-27T09:58:42 IST" duration-ms="1374" status="PASS">
          <reporter-output>
          </reporter-output>
        </test-method> <!-- screenshotOfDriver -->
        <test-method signature="screenshotOfFullPage()[pri:3, instance:com.qa.test.TC_TakeScreenshots@1de76cc7]" started-at="2021-06-27T09:58:42 IST" name="screenshotOfFullPage" finished-at="2021-06-27T09:59:17 IST" duration-ms="35052" status="PASS">
          <reporter-output>
          </reporter-output>
        </test-method> <!-- screenshotOfFullPage -->
        <test-method is-config="true" signature="TearDown()[pri:0, instance:com.qa.test.TC_TakeScreenshots@1de76cc7]" started-at="2021-06-27T09:59:17 IST" name="TearDown" finished-at="2021-06-27T09:59:28 IST" duration-ms="11030" status="PASS">
          <reporter-output>
          </reporter-output>
        </test-method> <!-- TearDown -->
      </class> <!-- com.qa.test.TC_TakeScreenshots -->
    </test> <!-- Functional Testing for Searching Songs On PagalWorld -->
  </suite> <!-- Automation Testing -->
</testng-results>
