<?xml version="1.0" encoding="UTF-8"?>
<!-- Generated by org.testng.reporters.JUnitXMLReporter -->
<testsuite hostname="LAPTOP-VSB34MQ0" ignored="0" name="Functional Testing for Searching Songs On PagalWorld" tests="8" failures="1" timestamp="2021-06-27T11:58:22 IST" time="72.045" errors="0">
  <testcase name="getAvailableSongs" time="1.586" classname="com.qa.test.TC_SearchSong"/>
  <testcase name="screenshotOfElement" time="0.613" classname="com.qa.test.TC_TakeScreenshots"/>
  <testcase name="screenshotOfDriver" time="0.674" classname="com.qa.test.TC_TakeScreenshots"/>
  <testcase name="screenshotOfFullPage" time="8.157" classname="com.qa.test.TC_TakeScreenshots"/>
  <testcase name="SearchItem" time="13.605" classname="com.qa.test.TC_SearchSong"/>
  <testcase name="SearchItem" time="14.202" classname="com.qa.test.TC_SearchSong">
    <failure type="java.lang.AssertionError" message="expected [true] but found [false]">
      <![CDATA[java.lang.AssertionError: expected [true] but found [false]
at com.qa.test.TC_SearchSong.SearchItem(TC_SearchSong.java:46)
at java.util.concurrent.ThreadPoolExecutor.runWorker(ThreadPoolExecutor.java:1149)
at java.util.concurrent.ThreadPoolExecutor$Worker.run(ThreadPoolExecutor.java:624)
at java.lang.Thread.run(Thread.java:748)
... Removed 16 stack frames]]>
    </failure>
  </testcase> <!-- SearchItem -->
  <testcase name="SearchItem" time="11.227" classname="com.qa.test.TC_SearchSong"/>
  <testcase name="SearchItem" time="8.16" classname="com.qa.test.TC_SearchSong"/>
</testsuite> <!-- Functional Testing for Searching Songs On PagalWorld -->
