<?xml version="1.0" encoding="UTF-8"?>
<!-- Generated by org.testng.reporters.JUnitXMLReporter -->
<testsuite hostname="LAPTOP-VSB34MQ0" ignored="0" name="Functional Testing for Searching Ringtones On PagalWorld" tests="2" failures="0" timestamp="2021-06-27T11:58:20 IST" time="69.418" errors="0">
  <testcase name="GetAllRingTones" time="11.763" classname="com.qa.test.TC_getRingtones"/>
  <testcase name="getAllPanjabiSongs" time="13.931" classname="com.qa.test.TC_getPanjabiSongs"/>
</testsuite> <!-- Functional Testing for Searching Ringtones On PagalWorld -->
