<?xml version="1.0" encoding="UTF-8"?>
<!-- Generated by org.testng.reporters.JUnitXMLReporter -->
<testsuite ignored="0" hostname="LAPTOP-VSB34MQ0" failures="0" tests="2" name="Functional Testing for Searching Ringtones On PagalWorld" time="96.276" errors="0" timestamp="2021-06-27T09:59:31 IST">
  <testcase classname="com.qa.test.TC_getRingtones" name="GetAllRingTones" time="19.502"/>
  <testcase classname="com.qa.test.TC_getPanjabiSongs" name="getAllPanjabiSongs" time="21.491"/>
</testsuite> <!-- Functional Testing for Searching Ringtones On PagalWorld -->
