<?xml version="1.0" encoding="UTF-8"?>
<!-- Generated by org.testng.reporters.JUnitXMLReporter -->
<testsuite ignored="0" hostname="LAPTOP-VSB34MQ0" failures="1" tests="6" name="Functional Testing for PagalWorld Site" time="54.742" errors="0" timestamp="2021-06-23T18:38:42 IST">
  <testcase classname="com.qa.test.TC_PagalWorld" name="getAvailableSongs" time="1.78"/>
  <testcase classname="com.qa.test.TC_getRingtones" name="GetAllRingTones" time="6.812"/>
  <testcase classname="com.qa.test.TC_PagalWorld" name="SearchItem" time="9.992"/>
  <testcase classname="com.qa.test.TC_PagalWorld" name="SearchItem" time="8.268">
    <failure type="java.lang.AssertionError" message="expected [true] but found [false]">
      <![CDATA[java.lang.AssertionError: expected [true] but found [false]
at com.qa.test.TC_PagalWorld.SearchItem(TC_PagalWorld.java:47)
at java.base/java.util.concurrent.ThreadPoolExecutor.runWorker(ThreadPoolExecutor.java:1130)
at java.base/java.util.concurrent.ThreadPoolExecutor$Worker.run(ThreadPoolExecutor.java:630)
at java.base/java.lang.Thread.run(Thread.java:832)
... Removed 16 stack frames]]>
    </failure>
  </testcase> <!-- SearchItem -->
  <testcase classname="com.qa.test.TC_PagalWorld" name="SearchItem" time="7.131"/>
  <testcase classname="com.qa.test.TC_PagalWorld" name="SearchItem" time="7.817"/>
</testsuite> <!-- Functional Testing for PagalWorld Site -->
