<?xml version="1.0" encoding="UTF-8"?>
<!-- Generated by org.testng.reporters.JUnitXMLReporter -->
<testsuite ignored="0" hostname="LAPTOP-VSB34MQ0" failures="1" tests="8" name="Functional Testing for Searching Songs On PagalWorld" time="120.62" errors="0" timestamp="2021-06-27T09:59:56 IST">
  <testcase classname="com.qa.test.TC_SearchSong" name="getAvailableSongs" time="2.905"/>
  <testcase classname="com.qa.test.TC_TakeScreenshots" name="screenshotOfElement" time="3.98"/>
  <testcase classname="com.qa.test.TC_TakeScreenshots" name="screenshotOfDriver" time="1.374"/>
  <testcase classname="com.qa.test.TC_TakeScreenshots" name="screenshotOfFullPage" time="35.052"/>
  <testcase classname="com.qa.test.TC_SearchSong" name="SearchItem" time="13.279"/>
  <testcase classname="com.qa.test.TC_SearchSong" name="SearchItem" time="8.785">
    <failure type="java.lang.AssertionError" message="expected [true] but found [false]">
      <![CDATA[java.lang.AssertionError: expected [true] but found [false]
at com.qa.test.TC_SearchSong.SearchItem(TC_SearchSong.java:46)
at java.base/java.util.concurrent.ThreadPoolExecutor.runWorker(ThreadPoolExecutor.java:1130)
at java.base/java.util.concurrent.ThreadPoolExecutor$Worker.run(ThreadPoolExecutor.java:630)
at java.base/java.lang.Thread.run(Thread.java:832)
... Removed 16 stack frames]]>
    </failure>
  </testcase> <!-- SearchItem -->
  <testcase classname="com.qa.test.TC_SearchSong" name="SearchItem" time="7.011"/>
  <testcase classname="com.qa.test.TC_SearchSong" name="SearchItem" time="7.083"/>
</testsuite> <!-- Functional Testing for Searching Songs On PagalWorld -->
