<?xml version="1.0" encoding="UTF-8"?>
<!-- Generated by org.testng.reporters.JUnitXMLReporter -->
<testsuite ignored="0" hostname="LAPTOP-VSB34MQ0" failures="0" tests="4" name="Functional Testing for Tatacliq Site" time="62.664" errors="0" timestamp="2021-06-22T22:52:24 IST">
  <testcase classname="com.qa.test.TC_PagalWorld" name="SearchItem" time="9.548"/>
  <testcase classname="com.qa.test.TC_PagalWorld" name="SearchItem" time="12.489"/>
  <testcase classname="com.qa.test.TC_PagalWorld" name="SearchItem" time="8.38"/>
  <testcase classname="com.qa.test.TC_PagalWorld" name="SearchItem" time="5.816"/>
</testsuite> <!-- Functional Testing for Tatacliq Site -->
